<?xml version="1.0" encoding="UTF-8"?>
<!-- Generated by org.testng.reporters.JUnitXMLReporter -->
<testsuite ignored="0" hostname="PSDLAP385" failures="0" tests="6" name="MayagicTestSuite" time="101.691" errors="0" timestamp="2024-12-19T19:42:41 IST">
  <testcase classname="test.MayagicTestcases" name="TestCase_001" time="0.46"/>
  <testcase classname="test.MayagicTestcases" name="TestCase_002" time="65.813"/>
  <testcase classname="test.MayagicTestcases" name="TestCase_003" time="0.583"/>
  <testcase classname="test.MayagicTestcases" name="TestCase_004" time="0.49"/>
  <testcase classname="test.MayagicTestcases" name="TestCase_005" time="0.474"/>
  <testcase classname="test.MayagicTestcases" name="TestCase_006" time="0.928"/>
</testsuite> <!-- MayagicTestSuite -->
