<?xml version="1.0" encoding="UTF-8"?>
<!-- Generated by org.testng.reporters.JUnitXMLReporter -->
<testsuite ignored="0" hostname="PSDLAP385" failures="0" tests="6" name="Default test" time="97.439" errors="0" timestamp="2024-12-19T18:34:36 IST">
  <testcase classname="test.MayagicTestcases" name="TestCase_001" time="0.388"/>
  <testcase classname="test.MayagicTestcases" name="TestCase_002" time="65.666"/>
  <testcase classname="test.MayagicTestcases" name="TestCase_003" time="0.426"/>
  <testcase classname="test.MayagicTestcases" name="TestCase_004" time="0.431"/>
  <testcase classname="test.MayagicTestcases" name="TestCase_005" time="0.344"/>
  <testcase classname="test.MayagicTestcases" name="TestCase_006" time="0.883"/>
</testsuite> <!-- Default test -->
