<?xml version="1.0" encoding="UTF-8"?>
<!-- Generated by org.testng.reporters.JUnitXMLReporter -->
<testsuite ignored="6" hostname="PSDLAP385" failures="0" tests="0" time="0.009" errors="0" timestamp="2024-12-19T18:35:13 IST">
  <testcase classname="test.MayagicTestcases" name="TestCase_005" time="0.0">
    <ignored/>
  </testcase> <!-- TestCase_005 -->
  <testcase classname="test.MayagicTestcases" name="TestCase_004" time="0.0">
    <ignored/>
  </testcase> <!-- TestCase_004 -->
  <testcase classname="test.MayagicTestcases" name="TestCase_003" time="0.0">
    <ignored/>
  </testcase> <!-- TestCase_003 -->
  <testcase classname="test.MayagicTestcases" name="TestCase_002" time="0.0">
    <ignored/>
  </testcase> <!-- TestCase_002 -->
  <testcase classname="test.MayagicTestcases" name="TestCase_001" time="0.0">
    <ignored/>
  </testcase> <!-- TestCase_001 -->
  <testcase classname="test.MayagicTestcases" name="TestCase_006" time="0.0">
    <ignored/>
  </testcase> <!-- TestCase_006 -->
</testsuite>
