<?xml version="1.0" encoding="UTF-8"?>
<!-- Generated by org.testng.reporters.JUnitXMLReporter -->
<testsuite ignored="0" hostname="PSDLAP385" failures="0" tests="6" name="Test" time="2.967" errors="0" timestamp="2024-12-19T18:23:03 IST">
  <testcase classname="helper.BaseTest" name="@BeforeMethod setup" time="2.875">
    <failure type="java.lang.NullPointerException" message="null value in entry: url=null">
      <![CDATA[java.lang.NullPointerException: null value in entry: url=null
at com.google.common.collect.CollectPreconditions.checkEntryNotNull(CollectPreconditions.java:33)
at com.google.common.collect.SingletonImmutableBiMap.<init>(SingletonImmutableBiMap.java:43)
at com.google.common.collect.ImmutableBiMap.of(ImmutableBiMap.java:83)
at com.google.common.collect.ImmutableMap.of(ImmutableMap.java:130)
at org.openqa.selenium.remote.DriverCommand.GET(DriverCommand.java:191)
at org.openqa.selenium.remote.RemoteWebDriver.get(RemoteWebDriver.java:304)
at helper.BaseTest.setup(BaseTest.java:52)
at java.base/java.util.ArrayList.forEach(ArrayList.java:1597)
... Removed 29 stack frames]]>
    </failure>
  </testcase> <!-- @BeforeMethod setup -->
  <testcase classname="helper.BaseTest" name="@AfterMethod teardown" time="0.0">
    <skipped/>
  </testcase> <!-- @AfterMethod teardown -->
  <testcase classname="helper.BaseTest" name="@BeforeMethod setup" time="0.0">
    <skipped/>
  </testcase> <!-- @BeforeMethod setup -->
  <testcase classname="helper.BaseTest" name="@AfterMethod teardown" time="0.0">
    <skipped/>
  </testcase> <!-- @AfterMethod teardown -->
  <testcase classname="helper.BaseTest" name="@BeforeMethod setup" time="0.0">
    <skipped/>
  </testcase> <!-- @BeforeMethod setup -->
  <testcase classname="helper.BaseTest" name="@AfterMethod teardown" time="0.0">
    <skipped/>
  </testcase> <!-- @AfterMethod teardown -->
  <testcase classname="helper.BaseTest" name="@BeforeMethod setup" time="0.0">
    <skipped/>
  </testcase> <!-- @BeforeMethod setup -->
  <testcase classname="helper.BaseTest" name="@AfterMethod teardown" time="0.0">
    <skipped/>
  </testcase> <!-- @AfterMethod teardown -->
  <testcase classname="helper.BaseTest" name="@BeforeMethod setup" time="0.0">
    <skipped/>
  </testcase> <!-- @BeforeMethod setup -->
  <testcase classname="helper.BaseTest" name="@AfterMethod teardown" time="0.0">
    <skipped/>
  </testcase> <!-- @AfterMethod teardown -->
  <testcase classname="helper.BaseTest" name="@BeforeMethod setup" time="0.0">
    <skipped/>
  </testcase> <!-- @BeforeMethod setup -->
  <testcase classname="helper.BaseTest" name="@AfterMethod teardown" time="0.0">
    <skipped/>
  </testcase> <!-- @AfterMethod teardown -->
  <testcase classname="test.MayagicTestcases" name="TestCase_001" time="0.0">
    <skipped/>
  </testcase> <!-- TestCase_001 -->
  <testcase classname="test.MayagicTestcases" name="TestCase_002" time="0.0">
    <skipped/>
  </testcase> <!-- TestCase_002 -->
  <testcase classname="test.MayagicTestcases" name="TestCase_003" time="0.0">
    <skipped/>
  </testcase> <!-- TestCase_003 -->
  <testcase classname="test.MayagicTestcases" name="TestCase_004" time="0.0">
    <skipped/>
  </testcase> <!-- TestCase_004 -->
  <testcase classname="test.MayagicTestcases" name="TestCase_005" time="0.0">
    <skipped/>
  </testcase> <!-- TestCase_005 -->
  <testcase classname="test.MayagicTestcases" name="TestCase_006" time="0.0">
    <skipped/>
  </testcase> <!-- TestCase_006 -->
</testsuite> <!-- Test -->
