<?xml version="1.0" encoding="UTF-8"?>
<!-- Generated by org.testng.reporters.JUnitXMLReporter -->
<testsuite ignored="0" hostname="PSDLAP385" failures="0" tests="6" name="MayagicTestSuite" time="102.228" errors="0" timestamp="2024-12-19T18:40:56 IST">
  <testcase classname="test.MayagicTestcases" name="TestCase_001" time="0.455"/>
  <testcase classname="test.MayagicTestcases" name="TestCase_002" time="64.698"/>
  <testcase classname="test.MayagicTestcases" name="TestCase_003" time="0.383"/>
  <testcase classname="test.MayagicTestcases" name="TestCase_004" time="0.333"/>
  <testcase classname="test.MayagicTestcases" name="TestCase_005" time="0.369"/>
  <testcase classname="test.MayagicTestcases" name="TestCase_006" time="0.792"/>
</testsuite> <!-- MayagicTestSuite -->
