<?xml version="1.0" encoding="UTF-8"?>
<testsuite xmlns:xsi="http://www.w3.org/2001/XMLSchema-instance" xsi:noNamespaceSchemaLocation="https://maven.apache.org/surefire/maven-surefire-plugin/xsd/surefire-test-report-3.0.xsd" version="3.0" name="TestSuite" time="102.441" tests="6" errors="0" skipped="0" failures="0">
  <properties>
[...]
</properties>
  <testcase name="TestCase_001" classname="test.MayagicTestcases" time="0.466">
    <system-out><![CDATA[Title Found
Logo and Contact Us Found
]]></system-out>
    <system-err><![CDATA[SLF4J: Failed to load class "org.slf4j.impl.StaticLoggerBinder".
SLF4J: Defaulting to no-operation (NOP) logger implementation
SLF4J: See http://www.slf4j.org/codes.html#StaticLoggerBinder for further details.
Dec 19, 2024 7:41:03 PM org.openqa.selenium.devtools.CdpVersionFinder findNearestMatch
WARNING: Unable to find CDP implementation matching 131
Dec 19, 2024 7:41:03 PM org.openqa.selenium.chromium.ChromiumDriver lambda$new$5
WARNING: Unable to find version of CDP to use for 131.0.2903.99. You may need to include a dependency on a specific version of the CDP using something similar to `org.seleniumhq.selenium:selenium-devtools-v86:4.12.1` where the version ("v86") matches the version of the chromium-based browser you're using and the version number of the artifact is the same as Selenium's.
]]></system-err>
  </testcase>
  <testcase name="TestCase_002" classname="test.MayagicTestcases" time="65.813">
    <system-out><![CDATA[Title Found
Let's Explore section verified
Retrying for slide: (//a[@class='brz-a brz-anchor brz-btn brz-css-jw5HP brz-css-juO8K brz-css-bm943 brz-css-k6k5R'])[1]
Retrying for slide: (//a[@class='brz-a brz-anchor brz-btn brz-css-jw5HP brz-css-juO8K brz-css-bm943 brz-css-k6k5R'])[1]
Retrying for slide: (//a[@class='brz-a brz-anchor brz-btn brz-css-jw5HP brz-css-juO8K brz-css-bm943 brz-css-k6k5R'])[1]
Button not found for slide: (//a[@class='brz-a brz-anchor brz-btn brz-css-jw5HP brz-css-juO8K brz-css-bm943 brz-css-k6k5R'])[1]
Retrying for slide: (//a[@class='brz-a brz-anchor brz-btn brz-css-jw5HP brz-css-akd67 brz-css-bm943 brz-css-d6uB5'])[2]
Retrying for slide: (//a[@class='brz-a brz-anchor brz-btn brz-css-jw5HP brz-css-akd67 brz-css-bm943 brz-css-d6uB5'])[2]
Retrying for slide: (//a[@class='brz-a brz-anchor brz-btn brz-css-jw5HP brz-css-akd67 brz-css-bm943 brz-css-d6uB5'])[2]
Button not found for slide: (//a[@class='brz-a brz-anchor brz-btn brz-css-jw5HP brz-css-akd67 brz-css-bm943 brz-css-d6uB5'])[2]
]]></system-out>
    <system-err><![CDATA[Dec 19, 2024 7:41:10 PM org.openqa.selenium.devtools.CdpVersionFinder findNearestMatch
WARNING: Unable to find CDP implementation matching 131
Dec 19, 2024 7:41:10 PM org.openqa.selenium.chromium.ChromiumDriver lambda$new$5
WARNING: Unable to find version of CDP to use for 131.0.2903.99. You may need to include a dependency on a specific version of the CDP using something similar to `org.seleniumhq.selenium:selenium-devtools-v86:4.12.1` where the version ("v86") matches the version of the chromium-based browser you're using and the version number of the artifact is the same as Selenium's.
]]></system-err>
  </testcase>
  <testcase name="TestCase_003" classname="test.MayagicTestcases" time="0.594">
    <system-out><![CDATA[Title Found
Current Challenge Section Found
]]></system-out>
    <system-err><![CDATA[Dec 19, 2024 7:42:21 PM org.openqa.selenium.devtools.CdpVersionFinder findNearestMatch
WARNING: Unable to find CDP implementation matching 131
Dec 19, 2024 7:42:21 PM org.openqa.selenium.chromium.ChromiumDriver lambda$new$5
WARNING: Unable to find version of CDP to use for 131.0.2903.99. You may need to include a dependency on a specific version of the CDP using something similar to `org.seleniumhq.selenium:selenium-devtools-v86:4.12.1` where the version ("v86") matches the version of the chromium-based browser you're using and the version number of the artifact is the same as Selenium's.
]]></system-err>
  </testcase>
  <testcase name="TestCase_004" classname="test.MayagicTestcases" time="0.49">
    <system-out><![CDATA[Title Found
Our Response Section Found
]]></system-out>
    <system-err><![CDATA[Dec 19, 2024 7:42:27 PM org.openqa.selenium.devtools.CdpVersionFinder findNearestMatch
WARNING: Unable to find CDP implementation matching 131
Dec 19, 2024 7:42:27 PM org.openqa.selenium.chromium.ChromiumDriver lambda$new$5
WARNING: Unable to find version of CDP to use for 131.0.2903.99. You may need to include a dependency on a specific version of the CDP using something similar to `org.seleniumhq.selenium:selenium-devtools-v86:4.12.1` where the version ("v86") matches the version of the chromium-based browser you're using and the version number of the artifact is the same as Selenium's.
]]></system-err>
  </testcase>
  <testcase name="TestCase_005" classname="test.MayagicTestcases" time="0.471">
    <system-out><![CDATA[Title Found
All-in-one AI Powered Platform for P&C Insurance Found
]]></system-out>
    <system-err><![CDATA[Dec 19, 2024 7:42:32 PM org.openqa.selenium.devtools.CdpVersionFinder findNearestMatch
WARNING: Unable to find CDP implementation matching 131
Dec 19, 2024 7:42:32 PM org.openqa.selenium.chromium.ChromiumDriver lambda$new$5
WARNING: Unable to find version of CDP to use for 131.0.2903.99. You may need to include a dependency on a specific version of the CDP using something similar to `org.seleniumhq.selenium:selenium-devtools-v86:4.12.1` where the version ("v86") matches the version of the chromium-based browser you're using and the version number of the artifact is the same as Selenium's.
]]></system-err>
  </testcase>
  <testcase name="TestCase_006" classname="test.MayagicTestcases" time="0.931">
    <system-out><![CDATA[Title Found
An error occurred: Compound class names not permitted
For documentation on this error, please visit: https://www.selenium.dev/documentation/webdriver/troubleshooting/errors#invalid-selector-exception
Build info: version: '4.12.1', revision: '8e34639b11'
System info: os.name: 'Windows 11', os.arch: 'amd64', os.version: '10.0', java.version: '23.0.1'
Driver info: driver.version: unknown
]]></system-out>
    <system-err><![CDATA[Dec 19, 2024 7:42:38 PM org.openqa.selenium.devtools.CdpVersionFinder findNearestMatch
WARNING: Unable to find CDP implementation matching 131
Dec 19, 2024 7:42:38 PM org.openqa.selenium.chromium.ChromiumDriver lambda$new$5
WARNING: Unable to find version of CDP to use for 131.0.2903.99. You may need to include a dependency on a specific version of the CDP using something similar to `org.seleniumhq.selenium:selenium-devtools-v86:4.12.1` where the version ("v86") matches the version of the chromium-based browser you're using and the version number of the artifact is the same as Selenium's.
]]></system-err>
  </testcase>
</testsuite>