<?xml version="1.0" encoding="UTF-8"?>
<testng-results ignored="0" total="6" passed="6" failed="0" skipped="0">
  <reporter-output>
  </reporter-output>
  <suite started-at="2024-12-19T18:39:14 IST" name="MayagicSuite" finished-at="2024-12-19T18:40:56 IST" duration-ms="102228">
    <groups>
    </groups>
    <test started-at="2024-12-19T18:39:14 IST" name="MayagicTestSuite" finished-at="2024-12-19T18:40:56 IST" duration-ms="102228">
      <class name="test.MayagicTestcases">
        <test-method is-config="true" signature="setup()[pri:0, instance:test.MayagicTestcases@7586beff]" started-at="2024-12-19T18:39:14 IST" name="setup" finished-at="2024-12-19T18:39:22 IST" duration-ms="8067" status="PASS">
          <reporter-output>
          </reporter-output>
        </test-method> <!-- setup -->
        <test-method signature="TestCase_001()[pri:1, instance:test.MayagicTestcases@7586beff]" started-at="2024-12-19T18:39:22 IST" name="TestCase_001" finished-at="2024-12-19T18:39:23 IST" duration-ms="455" status="PASS">
          <reporter-output>
          </reporter-output>
        </test-method> <!-- TestCase_001 -->
        <test-method is-config="true" signature="teardown()[pri:0, instance:test.MayagicTestcases@7586beff]" started-at="2024-12-19T18:39:23 IST" name="teardown" finished-at="2024-12-19T18:39:23 IST" duration-ms="253" status="PASS">
          <reporter-output>
          </reporter-output>
        </test-method> <!-- teardown -->
        <test-method is-config="true" signature="setup()[pri:0, instance:test.MayagicTestcases@7586beff]" started-at="2024-12-19T18:39:23 IST" name="setup" finished-at="2024-12-19T18:39:29 IST" duration-ms="5634" status="PASS">
          <reporter-output>
          </reporter-output>
        </test-method> <!-- setup -->
        <test-method signature="TestCase_002()[pri:2, instance:test.MayagicTestcases@7586beff]" started-at="2024-12-19T18:39:29 IST" name="TestCase_002" finished-at="2024-12-19T18:40:33 IST" duration-ms="64698" status="PASS">
          <reporter-output>
          </reporter-output>
        </test-method> <!-- TestCase_002 -->
        <test-method is-config="true" signature="teardown()[pri:0, instance:test.MayagicTestcases@7586beff]" started-at="2024-12-19T18:40:33 IST" name="teardown" finished-at="2024-12-19T18:40:34 IST" duration-ms="396" status="PASS">
          <reporter-output>
          </reporter-output>
        </test-method> <!-- teardown -->
        <test-method is-config="true" signature="setup()[pri:0, instance:test.MayagicTestcases@7586beff]" started-at="2024-12-19T18:40:34 IST" name="setup" finished-at="2024-12-19T18:40:39 IST" duration-ms="5296" status="PASS">
          <reporter-output>
          </reporter-output>
        </test-method> <!-- setup -->
        <test-method signature="TestCase_003()[pri:3, instance:test.MayagicTestcases@7586beff]" started-at="2024-12-19T18:40:39 IST" name="TestCase_003" finished-at="2024-12-19T18:40:39 IST" duration-ms="383" status="PASS">
          <reporter-output>
          </reporter-output>
        </test-method> <!-- TestCase_003 -->
        <test-method is-config="true" signature="teardown()[pri:0, instance:test.MayagicTestcases@7586beff]" started-at="2024-12-19T18:40:39 IST" name="teardown" finished-at="2024-12-19T18:40:40 IST" duration-ms="230" status="PASS">
          <reporter-output>
          </reporter-output>
        </test-method> <!-- teardown -->
        <test-method is-config="true" signature="setup()[pri:0, instance:test.MayagicTestcases@7586beff]" started-at="2024-12-19T18:40:40 IST" name="setup" finished-at="2024-12-19T18:40:45 IST" duration-ms="5137" status="PASS">
          <reporter-output>
          </reporter-output>
        </test-method> <!-- setup -->
        <test-method signature="TestCase_004()[pri:4, instance:test.MayagicTestcases@7586beff]" started-at="2024-12-19T18:40:45 IST" name="TestCase_004" finished-at="2024-12-19T18:40:45 IST" duration-ms="333" status="PASS">
          <reporter-output>
          </reporter-output>
        </test-method> <!-- TestCase_004 -->
        <test-method is-config="true" signature="teardown()[pri:0, instance:test.MayagicTestcases@7586beff]" started-at="2024-12-19T18:40:45 IST" name="teardown" finished-at="2024-12-19T18:40:45 IST" duration-ms="217" status="PASS">
          <reporter-output>
          </reporter-output>
        </test-method> <!-- teardown -->
        <test-method is-config="true" signature="setup()[pri:0, instance:test.MayagicTestcases@7586beff]" started-at="2024-12-19T18:40:45 IST" name="setup" finished-at="2024-12-19T18:40:50 IST" duration-ms="4751" status="PASS">
          <reporter-output>
          </reporter-output>
        </test-method> <!-- setup -->
        <test-method signature="TestCase_005()[pri:5, instance:test.MayagicTestcases@7586beff]" started-at="2024-12-19T18:40:50 IST" name="TestCase_005" finished-at="2024-12-19T18:40:50 IST" duration-ms="369" status="PASS">
          <reporter-output>
          </reporter-output>
        </test-method> <!-- TestCase_005 -->
        <test-method is-config="true" signature="teardown()[pri:0, instance:test.MayagicTestcases@7586beff]" started-at="2024-12-19T18:40:50 IST" name="teardown" finished-at="2024-12-19T18:40:51 IST" duration-ms="254" status="PASS">
          <reporter-output>
          </reporter-output>
        </test-method> <!-- teardown -->
        <test-method is-config="true" signature="setup()[pri:0, instance:test.MayagicTestcases@7586beff]" started-at="2024-12-19T18:40:51 IST" name="setup" finished-at="2024-12-19T18:40:55 IST" duration-ms="4643" status="PASS">
          <reporter-output>
          </reporter-output>
        </test-method> <!-- setup -->
        <test-method signature="TestCase_006()[pri:6, instance:test.MayagicTestcases@7586beff]" started-at="2024-12-19T18:40:55 IST" name="TestCase_006" finished-at="2024-12-19T18:40:56 IST" duration-ms="792" status="PASS">
          <reporter-output>
          </reporter-output>
        </test-method> <!-- TestCase_006 -->
        <test-method is-config="true" signature="teardown()[pri:0, instance:test.MayagicTestcases@7586beff]" started-at="2024-12-19T18:40:56 IST" name="teardown" finished-at="2024-12-19T18:40:56 IST" duration-ms="241" status="PASS">
          <reporter-output>
          </reporter-output>
        </test-method> <!-- teardown -->
      </class> <!-- test.MayagicTestcases -->
    </test> <!-- MayagicTestSuite -->
  </suite> <!-- MayagicSuite -->
</testng-results>
